<?xml version="1.0" encoding="UTF-8"?>
<!-- Generated by org.testng.reporters.JUnitReportReporter -->
<testsuite skipped="0" hostname="DIVYA-PC" name="NewRanfordapplication.NewBankingapplication.homepagelinks" tests="1" failures="0" timestamp="18 May 2019 16:25:56 GMT" time="28.744" errors="0">
  <testcase name="homepagelinks" time="28.744" classname="NewRanfordapplication.NewBankingapplication.homepagelinks"/>
</testsuite> <!-- NewRanfordapplication.NewBankingapplication.homepagelinks -->
