<?xml version="1.0" encoding="UTF-8"?>
<!-- Generated by org.testng.reporters.JUnitReportReporter -->
<testsuite skipped="1" hostname="DIVYA-PC" name="NewRanfordapplication.NewBankingapplication.Employeecreation" tests="1" failures="0" timestamp="20 May 2019 09:48:23 GMT" time="0.000" errors="0">
  <testcase name="excelldata" time="0.000" classname="NewRanfordapplication.NewBankingapplication.Employeecreation">
    <skipped/>
  </testcase> <!-- excelldata -->
</testsuite> <!-- NewRanfordapplication.NewBankingapplication.Employeecreation -->
