<?xml version="1.0" encoding="UTF-8"?>
<!-- Generated by org.testng.reporters.JUnitReportReporter -->
<testsuite skipped="0" hostname="DIVYA-PC" name="NewRanfordapplication.NewBankingapplication.Ranfordhomepage" tests="1" failures="0" timestamp="19 May 2019 12:23:51 GMT" time="19.123" errors="0">
  <testcase name="branchcreation" time="19.123" classname="NewRanfordapplication.NewBankingapplication.Ranfordhomepage"/>
</testsuite> <!-- NewRanfordapplication.NewBankingapplication.Ranfordhomepage -->
